# JRE version: OpenJDK Runtime Environment (8.0_91-b14) (build 1.8.0_91-8u91-b14-0ubuntu4~14.04-b14)
# Java VM: OpenJDK 64-Bit Server VM (25.91-b14 mixed mode linux-amd64 compressed oops)
Heap:
 PSYoungGen      total 563200K, used 120749K [0x00000000d6e00000, 0x00000000fc080000, 0x0000000100000000)
  eden space 544768K, 18% used [0x00000000d6e00000,0x00000000dd1ee0b8,0x00000000f8200000)
  from space 18432K, 99% used [0x00000000fae80000,0x00000000fc07d3a8,0x00000000fc080000)
  to   space 23040K, 0% used [0x00000000f9380000,0x00000000f9380000,0x00000000faa00000)
 ParOldGen       total 83456K, used 26656K [0x0000000084a00000, 0x0000000089b80000, 0x00000000d6e00000)
  object space 83456K, 31% used [0x0000000084a00000,0x0000000086408360,0x0000000089b80000)
 Metaspace       used 54798K, capacity 55428K, committed 55680K, reserved 1097728K
  class space    used 6857K, capacity 7016K, committed 7040K, reserved 1048576K
GC Heap History (10 events):
Event: 4.873 GC heap before
{Heap before GC invocations=8 (full 1):
 PSYoungGen      total 263168K, used 252416K [0x00000000d6e00000, 0x00000000e7e00000, 0x0000000100000000)
  eden space 252416K, 100% used [0x00000000d6e00000,0x00000000e6480000,0x00000000e6480000)
  from space 10752K, 0% used [0x00000000e7080000,0x00000000e7080000,0x00000000e7b00000)
  to   space 12288K, 0% used [0x00000000e6480000,0x00000000e6480000,0x00000000e7080000)
 ParOldGen       total 62976K, used 10977K [0x0000000084a00000, 0x0000000088780000, 0x00000000d6e00000)
  object space 62976K, 17% used [0x0000000084a00000,0x00000000854b8518,0x0000000088780000)
 Metaspace       used 29573K, capacity 29836K, committed 30080K, reserved 1075200K
  class space    used 3633K, capacity 3706K, committed 3712K, reserved 1048576K
Event: 4.888 GC heap after
Heap after GC invocations=8 (full 1):
 PSYoungGen      total 264704K, used 12269K [0x00000000d6e00000, 0x00000000eff80000, 0x0000000100000000)
  eden space 252416K, 0% used [0x00000000d6e00000,0x00000000d6e00000,0x00000000e6480000)
  from space 12288K, 99% used [0x00000000e6480000,0x00000000e707b5c0,0x00000000e7080000)
  to   space 14848K, 0% used [0x00000000ef100000,0x00000000ef100000,0x00000000eff80000)
 ParOldGen       total 62976K, used 12429K [0x0000000084a00000, 0x0000000088780000, 0x00000000d6e00000)
  object space 62976K, 19% used [0x0000000084a00000,0x0000000085623568,0x0000000088780000)
 Metaspace       used 29573K, capacity 29836K, committed 30080K, reserved 1075200K
  class space    used 3633K, capacity 3706K, committed 3712K, reserved 1048576K
}
Event: 6.049 GC heap before
{Heap before GC invocations=9 (full 1):
 PSYoungGen      total 264704K, used 264685K [0x00000000d6e00000, 0x00000000eff80000, 0x0000000100000000)
  eden space 252416K, 100% used [0x00000000d6e00000,0x00000000e6480000,0x00000000e6480000)
  from space 12288K, 99% used [0x00000000e6480000,0x00000000e707b5c0,0x00000000e7080000)
  to   space 14848K, 0% used [0x00000000ef100000,0x00000000ef100000,0x00000000eff80000)
 ParOldGen       total 62976K, used 12429K [0x0000000084a00000, 0x0000000088780000, 0x00000000d6e00000)
  object space 62976K, 19% used [0x0000000084a00000,0x0000000085623568,0x0000000088780000)
 Metaspace       used 34271K, capacity 34708K, committed 34944K, reserved 1079296K
  class space    used 4296K, capacity 4394K, committed 4480K, reserved 1048576K
Event: 6.070 GC heap after
Heap after GC invocations=9 (full 1):
 PSYoungGen      total 393728K, used 14834K [0x00000000d6e00000, 0x00000000f0780000, 0x0000000100000000)
  eden space 378880K, 0% used [0x00000000d6e00000,0x00000000d6e00000,0x00000000ee000000)
  from space 14848K, 99% used [0x00000000ef100000,0x00000000eff7c8a8,0x00000000eff80000)
  to   space 17408K, 0% used [0x00000000ee000000,0x00000000ee000000,0x00000000ef100000)
 ParOldGen       total 62976K, used 13537K [0x0000000084a00000, 0x0000000088780000, 0x00000000d6e00000)
  object space 62976K, 21% used [0x0000000084a00000,0x0000000085738448,0x0000000088780000)
 Metaspace       used 34271K, capacity 34708K, committed 34944K, reserved 1079296K
  class space    used 4296K, capacity 4394K, committed 4480K, reserved 1048576K
}
Event: 6.135 GC heap before
{Heap before GC invocations=10 (full 1):
 PSYoungGen      total 393728K, used 27120K [0x00000000d6e00000, 0x00000000f0780000, 0x0000000100000000)
  eden space 378880K, 3% used [0x00000000d6e00000,0x00000000d79ffa10,0x00000000ee000000)
  from space 14848K, 99% used [0x00000000ef100000,0x00000000eff7c8a8,0x00000000eff80000)
  to   space 17408K, 0% used [0x00000000ee000000,0x00000000ee000000,0x00000000ef100000)
 ParOldGen       total 62976K, used 13537K [0x0000000084a00000, 0x0000000088780000, 0x00000000d6e00000)
  object space 62976K, 21% used [0x0000000084a00000,0x0000000085738448,0x0000000088780000)
 Metaspace       used 34997K, capacity 35354K, committed 35496K, reserved 1081344K
  class space    used 4424K, capacity 4523K, committed 4608K, reserved 1048576K
Event: 6.160 GC heap after
Heap after GC invocations=10 (full 1):
 PSYoungGen      total 396288K, used 13741K [0x00000000d6e00000, 0x00000000fc080000, 0x0000000100000000)
  eden space 378880K, 0% used [0x00000000d6e00000,0x00000000d6e00000,0x00000000ee000000)
  from space 17408K, 78% used [0x00000000ee000000,0x00000000eed6b610,0x00000000ef100000)
  to   space 18432K, 0% used [0x00000000fae80000,0x00000000fae80000,0x00000000fc080000)
 ParOldGen       total 62976K, used 13545K [0x0000000084a00000, 0x0000000088780000, 0x00000000d6e00000)
  object space 62976K, 21% used [0x0000000084a00000,0x000000008573a448,0x0000000088780000)
 Metaspace       used 34997K, capacity 35354K, committed 35496K, reserved 1081344K
  class space    used 4424K, capacity 4523K, committed 4608K, reserved 1048576K
}
Event: 6.160 GC heap before
{Heap before GC invocations=11 (full 2):
 PSYoungGen      total 396288K, used 13741K [0x00000000d6e00000, 0x00000000fc080000, 0x0000000100000000)
  eden space 378880K, 0% used [0x00000000d6e00000,0x00000000d6e00000,0x00000000ee000000)
  from space 17408K, 78% used [0x00000000ee000000,0x00000000eed6b610,0x00000000ef100000)
  to   space 18432K, 0% used [0x00000000fae80000,0x00000000fae80000,0x00000000fc080000)
 ParOldGen       total 62976K, used 13545K [0x0000000084a00000, 0x0000000088780000, 0x00000000d6e00000)
  object space 62976K, 21% used [0x0000000084a00000,0x000000008573a448,0x0000000088780000)
 Metaspace       used 34997K, capacity 35354K, committed 35496K, reserved 1081344K
  class space    used 4424K, capacity 4523K, committed 4608K, reserved 1048576K
Event: 6.256 GC heap after
Heap after GC invocations=11 (full 2):
 PSYoungGen      total 396288K, used 0K [0x00000000d6e00000, 0x00000000fc080000, 0x0000000100000000)
  eden space 378880K, 0% used [0x00000000d6e00000,0x00000000d6e00000,0x00000000ee000000)
  from space 17408K, 0% used [0x00000000ee000000,0x00000000ee000000,0x00000000ef100000)
  to   space 18432K, 0% used [0x00000000fae80000,0x00000000fae80000,0x00000000fc080000)
 ParOldGen       total 83456K, used 21672K [0x0000000084a00000, 0x0000000089b80000, 0x00000000d6e00000)
  object space 83456K, 25% used [0x0000000084a00000,0x0000000085f2a030,0x0000000089b80000)
 Metaspace       used 34997K, capacity 35354K, committed 35496K, reserved 1081344K
  class space    used 4424K, capacity 4523K, committed 4608K, reserved 1048576K
}
Event: 9.823 GC heap before
{Heap before GC invocations=12 (full 2):
 PSYoungGen      total 396288K, used 378880K [0x00000000d6e00000, 0x00000000fc080000, 0x0000000100000000)
  eden space 378880K, 100% used [0x00000000d6e00000,0x00000000ee000000,0x00000000ee000000)
  from space 17408K, 0% used [0x00000000ee000000,0x00000000ee000000,0x00000000ef100000)
  to   space 18432K, 0% used [0x00000000fae80000,0x00000000fae80000,0x00000000fc080000)
 ParOldGen       total 83456K, used 21672K [0x0000000084a00000, 0x0000000089b80000, 0x00000000d6e00000)
  object space 83456K, 25% used [0x0000000084a00000,0x0000000085f2a030,0x0000000089b80000)
 Metaspace       used 50900K, capacity 51560K, committed 51712K, reserved 1093632K
  class space    used 6417K, capacity 6562K, committed 6656K, reserved 1048576K
Event: 9.869 GC heap after
Heap after GC invocations=12 (full 2):
 PSYoungGen      total 563200K, used 18420K [0x00000000d6e00000, 0x00000000fc080000, 0x0000000100000000)
  eden space 544768K, 0% used [0x00000000d6e00000,0x00000000d6e00000,0x00000000f8200000)
  from space 18432K, 99% used [0x00000000fae80000,0x00000000fc07d3a8,0x00000000fc080000)
  to   space 23040K, 0% used [0x00000000f9380000,0x00000000f9380000,0x00000000faa00000)
 ParOldGen       total 83456K, used 26656K [0x0000000084a00000, 0x0000000089b80000, 0x00000000d6e00000)
  object space 83456K, 31% used [0x0000000084a00000,0x0000000086408360,0x0000000089b80000)
 Metaspace       used 50900K, capacity 51560K, committed 51712K, reserved 1093632K
  class space    used 6417K, capacity 6562K, committed 6656K, reserved 1048576K
}

