# JRE version: OpenJDK Runtime Environment (8.0_91-b14) (build 1.8.0_91-8u91-b14-0ubuntu4~14.04-b14)
# Java VM: OpenJDK 64-Bit Server VM (25.91-b14 mixed mode linux-amd64 compressed oops)
Heap:
 PSYoungGen      total 348160K, used 210337K [0x00000000d6e00000, 0x00000000f5180000, 0x0000000100000000)
  eden space 333312K, 63% used [0x00000000d6e00000,0x00000000e3b68720,0x00000000eb380000)
  from space 14848K, 0% used [0x00000000eb380000,0x00000000eb380000,0x00000000ec200000)
  to   space 15360K, 0% used [0x00000000f4280000,0x00000000f4280000,0x00000000f5180000)
 ParOldGen       total 92672K, used 22714K [0x0000000084a00000, 0x000000008a480000, 0x00000000d6e00000)
  object space 92672K, 24% used [0x0000000084a00000,0x000000008602eae8,0x000000008a480000)
 Metaspace       used 45724K, capacity 46140K, committed 46336K, reserved 1089536K
  class space    used 5768K, capacity 5883K, committed 5888K, reserved 1048576K
GC Heap History (10 events):
Event: 6.067 GC heap before
{Heap before GC invocations=9 (full 1):
 PSYoungGen      total 260608K, used 6816K [0x00000000d6e00000, 0x00000000e7700000, 0x0000000100000000)
  eden space 250880K, 0% used [0x00000000d6e00000,0x00000000d6e00000,0x00000000e6300000)
  from space 9728K, 70% used [0x00000000e6d80000,0x00000000e7428048,0x00000000e7700000)
  to   space 10240K, 0% used [0x00000000e6300000,0x00000000e6300000,0x00000000e6d00000)
 ParOldGen       total 84992K, used 7075K [0x0000000084a00000, 0x0000000089d00000, 0x00000000d6e00000)
  object space 84992K, 8% used [0x0000000084a00000,0x00000000850e8e08,0x0000000089d00000)
 Metaspace       used 20850K, capacity 21038K, committed 21296K, reserved 1069056K
  class space    used 2529K, capacity 2565K, committed 2688K, reserved 1048576K
Event: 6.126 GC heap after
Heap after GC invocations=9 (full 1):
 PSYoungGen      total 260608K, used 0K [0x00000000d6e00000, 0x00000000e7700000, 0x0000000100000000)
  eden space 250880K, 0% used [0x00000000d6e00000,0x00000000d6e00000,0x00000000e6300000)
  from space 9728K, 0% used [0x00000000e6d80000,0x00000000e6d80000,0x00000000e7700000)
  to   space 10240K, 0% used [0x00000000e6300000,0x00000000e6300000,0x00000000e6d00000)
 ParOldGen       total 57344K, used 9915K [0x0000000084a00000, 0x0000000088200000, 0x00000000d6e00000)
  object space 57344K, 17% used [0x0000000084a00000,0x00000000853aefd8,0x0000000088200000)
 Metaspace       used 20850K, capacity 21038K, committed 21296K, reserved 1069056K
  class space    used 2529K, capacity 2565K, committed 2688K, reserved 1048576K
}
Event: 8.000 GC heap before
{Heap before GC invocations=10 (full 1):
 PSYoungGen      total 260608K, used 250880K [0x00000000d6e00000, 0x00000000e7700000, 0x0000000100000000)
  eden space 250880K, 100% used [0x00000000d6e00000,0x00000000e6300000,0x00000000e6300000)
  from space 9728K, 0% used [0x00000000e6d80000,0x00000000e6d80000,0x00000000e7700000)
  to   space 10240K, 0% used [0x00000000e6300000,0x00000000e6300000,0x00000000e6d00000)
 ParOldGen       total 57344K, used 9915K [0x0000000084a00000, 0x0000000088200000, 0x00000000d6e00000)
  object space 57344K, 17% used [0x0000000084a00000,0x00000000853aefd8,0x0000000088200000)
 Metaspace       used 29407K, capacity 29682K, committed 29824K, reserved 1075200K
  class space    used 3610K, capacity 3675K, committed 3712K, reserved 1048576K
Event: 8.011 GC heap after
Heap after GC invocations=10 (full 1):
 PSYoungGen      total 261120K, used 10234K [0x00000000d6e00000, 0x00000000ece80000, 0x0000000100000000)
  eden space 250880K, 0% used [0x00000000d6e00000,0x00000000d6e00000,0x00000000e6300000)
  from space 10240K, 99% used [0x00000000e6300000,0x00000000e6cfeb80,0x00000000e6d00000)
  to   space 12800K, 0% used [0x00000000ec200000,0x00000000ec200000,0x00000000ece80000)
 ParOldGen       total 57344K, used 13244K [0x0000000084a00000, 0x0000000088200000, 0x00000000d6e00000)
  object space 57344K, 23% used [0x0000000084a00000,0x00000000856ef240,0x0000000088200000)
 Metaspace       used 29407K, capacity 29682K, committed 29824K, reserved 1075200K
  class space    used 3610K, capacity 3675K, committed 3712K, reserved 1048576K
}
Event: 9.568 GC heap before
{Heap before GC invocations=11 (full 1):
 PSYoungGen      total 261120K, used 261114K [0x00000000d6e00000, 0x00000000ece80000, 0x0000000100000000)
  eden space 250880K, 100% used [0x00000000d6e00000,0x00000000e6300000,0x00000000e6300000)
  from space 10240K, 99% used [0x00000000e6300000,0x00000000e6cfeb80,0x00000000e6d00000)
  to   space 12800K, 0% used [0x00000000ec200000,0x00000000ec200000,0x00000000ece80000)
 ParOldGen       total 57344K, used 13244K [0x0000000084a00000, 0x0000000088200000, 0x00000000d6e00000)
  object space 57344K, 23% used [0x0000000084a00000,0x00000000856ef240,0x0000000088200000)
 Metaspace       used 32465K, capacity 32856K, committed 33152K, reserved 1079296K
  class space    used 4040K, capacity 4140K, committed 4224K, reserved 1048576K
Event: 9.590 GC heap after
Heap after GC invocations=11 (full 1):
 PSYoungGen      total 346112K, used 12775K [0x00000000d6e00000, 0x00000000ed400000, 0x0000000100000000)
  eden space 333312K, 0% used [0x00000000d6e00000,0x00000000d6e00000,0x00000000eb380000)
  from space 12800K, 99% used [0x00000000ec200000,0x00000000ece79f10,0x00000000ece80000)
  to   space 14848K, 0% used [0x00000000eb380000,0x00000000eb380000,0x00000000ec200000)
 ParOldGen       total 57344K, used 15064K [0x0000000084a00000, 0x0000000088200000, 0x00000000d6e00000)
  object space 57344K, 26% used [0x0000000084a00000,0x00000000858b6060,0x0000000088200000)
 Metaspace       used 32465K, capacity 32856K, committed 33152K, reserved 1079296K
  class space    used 4040K, capacity 4140K, committed 4224K, reserved 1048576K
}
Event: 9.968 GC heap before
{Heap before GC invocations=12 (full 1):
 PSYoungGen      total 346112K, used 43133K [0x00000000d6e00000, 0x00000000ed400000, 0x0000000100000000)
  eden space 333312K, 9% used [0x00000000d6e00000,0x00000000d8ba5688,0x00000000eb380000)
  from space 12800K, 99% used [0x00000000ec200000,0x00000000ece79f10,0x00000000ece80000)
  to   space 14848K, 0% used [0x00000000eb380000,0x00000000eb380000,0x00000000ec200000)
 ParOldGen       total 57344K, used 15064K [0x0000000084a00000, 0x0000000088200000, 0x00000000d6e00000)
  object space 57344K, 26% used [0x0000000084a00000,0x00000000858b6060,0x0000000088200000)
 Metaspace       used 34935K, capacity 35348K, committed 35496K, reserved 1081344K
  class space    used 4405K, capacity 4522K, committed 4608K, reserved 1048576K
Event: 9.982 GC heap after
Heap after GC invocations=12 (full 1):
 PSYoungGen      total 348160K, used 2119K [0x00000000d6e00000, 0x00000000f5180000, 0x0000000100000000)
  eden space 333312K, 0% used [0x00000000d6e00000,0x00000000d6e00000,0x00000000eb380000)
  from space 14848K, 14% used [0x00000000eb380000,0x00000000eb591d40,0x00000000ec200000)
  to   space 15360K, 0% used [0x00000000f4280000,0x00000000f4280000,0x00000000f5180000)
 ParOldGen       total 57344K, used 27756K [0x0000000084a00000, 0x0000000088200000, 0x00000000d6e00000)
  object space 57344K, 48% used [0x0000000084a00000,0x000000008651b308,0x0000000088200000)
 Metaspace       used 34935K, capacity 35348K, committed 35496K, reserved 1081344K
  class space    used 4405K, capacity 4522K, committed 4608K, reserved 1048576K
}
Event: 9.982 GC heap before
{Heap before GC invocations=13 (full 2):
 PSYoungGen      total 348160K, used 2119K [0x00000000d6e00000, 0x00000000f5180000, 0x0000000100000000)
  eden space 333312K, 0% used [0x00000000d6e00000,0x00000000d6e00000,0x00000000eb380000)
  from space 14848K, 14% used [0x00000000eb380000,0x00000000eb591d40,0x00000000ec200000)
  to   space 15360K, 0% used [0x00000000f4280000,0x00000000f4280000,0x00000000f5180000)
 ParOldGen       total 57344K, used 27756K [0x0000000084a00000, 0x0000000088200000, 0x00000000d6e00000)
  object space 57344K, 48% used [0x0000000084a00000,0x000000008651b308,0x0000000088200000)
 Metaspace       used 34935K, capacity 35348K, committed 35496K, reserved 1081344K
  class space    used 4405K, capacity 4522K, committed 4608K, reserved 1048576K
Event: 10.039 GC heap after
Heap after GC invocations=13 (full 2):
 PSYoungGen      total 348160K, used 0K [0x00000000d6e00000, 0x00000000f5180000, 0x0000000100000000)
  eden space 333312K, 0% used [0x00000000d6e00000,0x00000000d6e00000,0x00000000eb380000)
  from space 14848K, 0% used [0x00000000eb380000,0x00000000eb380000,0x00000000ec200000)
  to   space 15360K, 0% used [0x00000000f4280000,0x00000000f4280000,0x00000000f5180000)
 ParOldGen       total 92672K, used 22714K [0x0000000084a00000, 0x000000008a480000, 0x00000000d6e00000)
  object space 92672K, 24% used [0x0000000084a00000,0x000000008602eae8,0x000000008a480000)
 Metaspace       used 34935K, capacity 35348K, committed 35496K, reserved 1081344K
  class space    used 4405K, capacity 4522K, committed 4608K, reserved 1048576K
}

